# 1st input image : original value = 7, decision = 7 at 26715 ps ==> Success
# 2nd input image : original value = 9, decision = 9 at 40075 ps ==> Success
# 3rd input image : original value = 1, decision = 1 at 53435 ps ==> Success
# 4th input image : original value = 8, decision = 8 at 66795 ps ==> Success
# 5th input image : original value = 7, decision = 7 at 80155 ps ==> Success
# 6th input image : original value = 5, decision = 5 at 93515 ps ==> Success
# 7th input image : original value = 5, decision = 8 at 106875 ps ==> Fail
# 8th input image : original value = 1, decision = 1 at 120235 ps ==> Success
# 9th input image : original value = 2, decision = 2 at 133595 ps ==> Success
# 10th input image : original value = 1, decision = 1 at 146955 ps ==> Success
# 11st input image : original value = 7, decision = 7 at 160315 ps ==> Success
# 12nd input image : original value = 6, decision = 6 at 173675 ps ==> Success
# 13rd input image : original value = 2, decision = 2 at 187035 ps ==> Success
# 14th input image : original value = 1, decision = 1 at 200395 ps ==> Success
# 15th input image : original value = 9, decision = 9 at 213755 ps ==> Success
# 16th input image : original value = 8, decision = 8 at 227115 ps ==> Success
# 17th input image : original value = 7, decision = 7 at 240475 ps ==> Success
# 18th input image : original value = 3, decision = 3 at 253835 ps ==> Success
# 19th input image : original value = 2, decision = 2 at 267195 ps ==> Success
# 20th input image : original value = 5, decision = 5 at 280555 ps ==> Success
# 21st input image : original value = 9, decision = 9 at 293915 ps ==> Success
# 22nd input image : original value = 7, decision = 7 at 307275 ps ==> Success
# 23rd input image : original value = 8, decision = 8 at 320635 ps ==> Success
# 24th input image : original value = 5, decision = 8 at 333995 ps ==> Fail
# 25th input image : original value = 7, decision = 7 at 347355 ps ==> Success
# 26th input image : original value = 3, decision = 3 at 360715 ps ==> Success
# 27th input image : original value = 3, decision = 3 at 374075 ps ==> Success
# 28th input image : original value = 7, decision = 7 at 387435 ps ==> Success
# 29th input image : original value = 9, decision = 9 at 400795 ps ==> Success
# 30th input image : original value = 9, decision = 9 at 414155 ps ==> Success
# 31st input image : original value = 5, decision = 5 at 427515 ps ==> Success
# 32nd input image : original value = 9, decision = 9 at 440875 ps ==> Success
# 33rd input image : original value = 8, decision = 8 at 454235 ps ==> Success
# 34th input image : original value = 6, decision = 6 at 467595 ps ==> Success
# 35th input image : original value = 6, decision = 6 at 480955 ps ==> Success
# 36th input image : original value = 0, decision = 0 at 494315 ps ==> Success
# 37th input image : original value = 5, decision = 5 at 507675 ps ==> Success
# 38th input image : original value = 4, decision = 4 at 521035 ps ==> Success
# 39th input image : original value = 6, decision = 6 at 534395 ps ==> Success
# 40th input image : original value = 4, decision = 4 at 547755 ps ==> Success
# 41st input image : original value = 9, decision = 9 at 561115 ps ==> Success
# 42nd input image : original value = 4, decision = 4 at 574475 ps ==> Success
# 43rd input image : original value = 6, decision = 6 at 587835 ps ==> Success
# 44th input image : original value = 9, decision = 9 at 601195 ps ==> Success
# 45th input image : original value = 8, decision = 8 at 614555 ps ==> Success
# 46th input image : original value = 5, decision = 5 at 627915 ps ==> Success
# 47th input image : original value = 1, decision = 1 at 641275 ps ==> Success
# 48th input image : original value = 8, decision = 8 at 654635 ps ==> Success
# 49th input image : original value = 0, decision = 0 at 667995 ps ==> Success
# 50th input image : original value = 1, decision = 1 at 681355 ps ==> Success
# 51st input image : original value = 1, decision = 1 at 694715 ps ==> Success
# 52nd input image : original value = 9, decision = 9 at 708075 ps ==> Success
# 53rd input image : original value = 0, decision = 2 at 721435 ps ==> Fail
# 54th input image : original value = 3, decision = 3 at 734795 ps ==> Success
# 55th input image : original value = 8, decision = 8 at 748155 ps ==> Success
# 56th input image : original value = 5, decision = 5 at 761515 ps ==> Success
# 57th input image : original value = 5, decision = 5 at 774875 ps ==> Success
# 58th input image : original value = 8, decision = 8 at 788235 ps ==> Success
# 59th input image : original value = 7, decision = 7 at 801595 ps ==> Success
# 60th input image : original value = 4, decision = 4 at 814955 ps ==> Success
# 61st input image : original value = 9, decision = 9 at 828315 ps ==> Success
# 62nd input image : original value = 3, decision = 3 at 841675 ps ==> Success
# 63rd input image : original value = 5, decision = 5 at 855035 ps ==> Success
# 64th input image : original value = 7, decision = 7 at 868395 ps ==> Success
# 65th input image : original value = 4, decision = 4 at 881755 ps ==> Success
# 66th input image : original value = 6, decision = 6 at 895115 ps ==> Success
# 67th input image : original value = 0, decision = 0 at 908475 ps ==> Success
# 68th input image : original value = 0, decision = 0 at 921835 ps ==> Success
# 69th input image : original value = 1, decision = 1 at 935195 ps ==> Success
# 70th input image : original value = 8, decision = 8 at 948555 ps ==> Success
# 71st input image : original value = 4, decision = 4 at 961915 ps ==> Success
# 72nd input image : original value = 0, decision = 0 at 975275 ps ==> Success
# 73rd input image : original value = 4, decision = 4 at 988635 ps ==> Success
# 74th input image : original value = 9, decision = 9 at 1001995 ps ==> Success
# 75th input image : original value = 9, decision = 9 at 1015355 ps ==> Success
# 76th input image : original value = 7, decision = 7 at 1028715 ps ==> Success
# 77th input image : original value = 4, decision = 4 at 1042075 ps ==> Success
# 78th input image : original value = 8, decision = 8 at 1055435 ps ==> Success
# 79th input image : original value = 8, decision = 8 at 1068795 ps ==> Success
# 80th input image : original value = 4, decision = 4 at 1082155 ps ==> Success
# 81st input image : original value = 7, decision = 7 at 1095515 ps ==> Success
# 82nd input image : original value = 6, decision = 6 at 1108875 ps ==> Success
# 83rd input image : original value = 9, decision = 9 at 1122235 ps ==> Success
# 84th input image : original value = 2, decision = 2 at 1135595 ps ==> Success
# 85th input image : original value = 2, decision = 2 at 1148955 ps ==> Success
# 86th input image : original value = 2, decision = 2 at 1162315 ps ==> Success
# 87th input image : original value = 8, decision = 8 at 1175675 ps ==> Success
# 88th input image : original value = 5, decision = 8 at 1189035 ps ==> Fail
# 89th input image : original value = 2, decision = 2 at 1202395 ps ==> Success
# 90th input image : original value = 6, decision = 6 at 1215755 ps ==> Success
# 91st input image : original value = 3, decision = 3 at 1229115 ps ==> Success
# 92nd input image : original value = 3, decision = 3 at 1242475 ps ==> Success
# 93rd input image : original value = 3, decision = 3 at 1255835 ps ==> Success
# 94th input image : original value = 7, decision = 7 at 1269195 ps ==> Success
# 95th input image : original value = 9, decision = 9 at 1282555 ps ==> Success
# 96th input image : original value = 0, decision = 0 at 1295915 ps ==> Success
# 97th input image : original value = 3, decision = 3 at 1309275 ps ==> Success
# 98th input image : original value = 5, decision = 5 at 1322635 ps ==> Success
# 99th input image : original value = 2, decision = 2 at 1335995 ps ==> Success
# 100th input image : original value = 8, decision = 8 at 1349355 ps ==> Success
# 101st input image : original value = 1, decision = 1 at 1362715 ps ==> Success
# 102nd input image : original value = 0, decision = 0 at 1376075 ps ==> Success
# 103rd input image : original value = 6, decision = 6 at 1389435 ps ==> Success
# 104th input image : original value = 1, decision = 1 at 1402795 ps ==> Success
# 105th input image : original value = 1, decision = 1 at 1416155 ps ==> Success
# 106th input image : original value = 0, decision = 0 at 1429515 ps ==> Success
# 107th input image : original value = 4, decision = 4 at 1442875 ps ==> Success
# 108th input image : original value = 4, decision = 4 at 1456235 ps ==> Success
# 109th input image : original value = 5, decision = 5 at 1469595 ps ==> Success
# 110th input image : original value = 4, decision = 4 at 1482955 ps ==> Success
# 111st input image : original value = 6, decision = 6 at 1496315 ps ==> Success
# 112nd input image : original value = 0, decision = 0 at 1509675 ps ==> Success
# 113rd input image : original value = 1, decision = 1 at 1523035 ps ==> Success
# 114th input image : original value = 5, decision = 5 at 1536395 ps ==> Success
# 115th input image : original value = 7, decision = 7 at 1549755 ps ==> Success
# 116th input image : original value = 8, decision = 8 at 1563115 ps ==> Success
# 117th input image : original value = 4, decision = 4 at 1576475 ps ==> Success
# 118th input image : original value = 3, decision = 3 at 1589835 ps ==> Success
# 119th input image : original value = 8, decision = 8 at 1603195 ps ==> Success
# 120th input image : original value = 5, decision = 5 at 1616555 ps ==> Success
# 121st input image : original value = 1, decision = 1 at 1629915 ps ==> Success
# 122nd input image : original value = 5, decision = 8 at 1643275 ps ==> Fail
# 123rd input image : original value = 6, decision = 6 at 1656635 ps ==> Success
# 124th input image : original value = 7, decision = 7 at 1669995 ps ==> Success
# 125th input image : original value = 4, decision = 4 at 1683355 ps ==> Success
# 126th input image : original value = 6, decision = 6 at 1696715 ps ==> Success
# 127th input image : original value = 1, decision = 1 at 1710075 ps ==> Success
# 128th input image : original value = 0, decision = 0 at 1723435 ps ==> Success
# 129th input image : original value = 8, decision = 8 at 1736795 ps ==> Success
# 130th input image : original value = 7, decision = 7 at 1750155 ps ==> Success
# 131st input image : original value = 2, decision = 2 at 1763515 ps ==> Success
# 132nd input image : original value = 1, decision = 1 at 1776875 ps ==> Success
# 133rd input image : original value = 9, decision = 9 at 1790235 ps ==> Success
# 134th input image : original value = 3, decision = 3 at 1803595 ps ==> Success
# 135th input image : original value = 5, decision = 5 at 1816955 ps ==> Success
# 136th input image : original value = 5, decision = 5 at 1830315 ps ==> Success
# 137th input image : original value = 8, decision = 8 at 1843675 ps ==> Success
# 138th input image : original value = 5, decision = 5 at 1857035 ps ==> Success
# 139th input image : original value = 9, decision = 9 at 1870395 ps ==> Success
# 140th input image : original value = 7, decision = 7 at 1883755 ps ==> Success
# 141st input image : original value = 0, decision = 0 at 1897115 ps ==> Success
# 142nd input image : original value = 0, decision = 0 at 1910475 ps ==> Success
# 143rd input image : original value = 5, decision = 5 at 1923835 ps ==> Success
# 144th input image : original value = 2, decision = 2 at 1937195 ps ==> Success
# 145th input image : original value = 5, decision = 5 at 1950555 ps ==> Success
# 146th input image : original value = 2, decision = 2 at 1963915 ps ==> Success
# 147th input image : original value = 8, decision = 8 at 1977275 ps ==> Success
# 148th input image : original value = 9, decision = 9 at 1990635 ps ==> Success
# 149th input image : original value = 5, decision = 5 at 2003995 ps ==> Success
# 150th input image : original value = 7, decision = 7 at 2017355 ps ==> Success
# 151st input image : original value = 8, decision = 8 at 2030715 ps ==> Success
# 152nd input image : original value = 9, decision = 9 at 2044075 ps ==> Success
# 153rd input image : original value = 9, decision = 9 at 2057435 ps ==> Success
# 154th input image : original value = 5, decision = 5 at 2070795 ps ==> Success
# 155th input image : original value = 6, decision = 6 at 2084155 ps ==> Success
# 156th input image : original value = 6, decision = 6 at 2097515 ps ==> Success
# 157th input image : original value = 0, decision = 0 at 2110875 ps ==> Success
# 158th input image : original value = 7, decision = 7 at 2124235 ps ==> Success
# 159th input image : original value = 1, decision = 1 at 2137595 ps ==> Success
# 160th input image : original value = 0, decision = 0 at 2150955 ps ==> Success
# 161st input image : original value = 4, decision = 4 at 2164315 ps ==> Success
# 162nd input image : original value = 1, decision = 1 at 2177675 ps ==> Success
# 163rd input image : original value = 3, decision = 3 at 2191035 ps ==> Success
# 164th input image : original value = 6, decision = 6 at 2204395 ps ==> Success
# 165th input image : original value = 2, decision = 2 at 2217755 ps ==> Success
# 166th input image : original value = 6, decision = 6 at 2231115 ps ==> Success
# 167th input image : original value = 9, decision = 9 at 2244475 ps ==> Success
# 168th input image : original value = 9, decision = 9 at 2257835 ps ==> Success
# 169th input image : original value = 5, decision = 5 at 2271195 ps ==> Success
# 170th input image : original value = 4, decision = 4 at 2284555 ps ==> Success
# 171st input image : original value = 4, decision = 4 at 2297915 ps ==> Success
# 172nd input image : original value = 5, decision = 8 at 2311275 ps ==> Fail
# 173rd input image : original value = 0, decision = 0 at 2324635 ps ==> Success
# 174th input image : original value = 1, decision = 1 at 2337995 ps ==> Success
# 175th input image : original value = 3, decision = 3 at 2351355 ps ==> Success
# 176th input image : original value = 8, decision = 8 at 2364715 ps ==> Success
# 177th input image : original value = 1, decision = 1 at 2378075 ps ==> Success
# 178th input image : original value = 1, decision = 1 at 2391435 ps ==> Success
# 179th input image : original value = 2, decision = 2 at 2404795 ps ==> Success
# 180th input image : original value = 6, decision = 6 at 2418155 ps ==> Success
# 181st input image : original value = 2, decision = 2 at 2431515 ps ==> Success
# 182nd input image : original value = 9, decision = 9 at 2444875 ps ==> Success
# 183rd input image : original value = 5, decision = 5 at 2458235 ps ==> Success
# 184th input image : original value = 8, decision = 8 at 2471595 ps ==> Success
# 185th input image : original value = 2, decision = 2 at 2484955 ps ==> Success
# 186th input image : original value = 8, decision = 8 at 2498315 ps ==> Success
# 187th input image : original value = 5, decision = 5 at 2511675 ps ==> Success
# 188th input image : original value = 6, decision = 6 at 2525035 ps ==> Success
# 189th input image : original value = 4, decision = 4 at 2538395 ps ==> Success
# 190th input image : original value = 2, decision = 2 at 2551755 ps ==> Success
# 191st input image : original value = 6, decision = 6 at 2565115 ps ==> Success
# 192nd input image : original value = 8, decision = 8 at 2578475 ps ==> Success
# 193rd input image : original value = 0, decision = 0 at 2591835 ps ==> Success
# 194th input image : original value = 1, decision = 1 at 2605195 ps ==> Success
# 195th input image : original value = 7, decision = 7 at 2618555 ps ==> Success
# 196th input image : original value = 9, decision = 9 at 2631915 ps ==> Success
# 197th input image : original value = 8, decision = 8 at 2645275 ps ==> Success
# 198th input image : original value = 0, decision = 0 at 2658635 ps ==> Success
# 199th input image : original value = 6, decision = 6 at 2671995 ps ==> Success
# 200th input image : original value = 2, decision = 2 at 2685355 ps ==> Success
# 201st input image : original value = 0, decision = 0 at 2698715 ps ==> Success
# 202nd input image : original value = 4, decision = 4 at 2712075 ps ==> Success
# 203rd input image : original value = 6, decision = 6 at 2725435 ps ==> Success
# 204th input image : original value = 3, decision = 3 at 2738795 ps ==> Success
# 205th input image : original value = 3, decision = 3 at 2752155 ps ==> Success
# 206th input image : original value = 6, decision = 6 at 2765515 ps ==> Success
# 207th input image : original value = 0, decision = 0 at 2778875 ps ==> Success
# 208th input image : original value = 8, decision = 8 at 2792235 ps ==> Success
# 209th input image : original value = 8, decision = 8 at 2805595 ps ==> Success
# 210th input image : original value = 7, decision = 7 at 2818955 ps ==> Success
# 211st input image : original value = 3, decision = 3 at 2832315 ps ==> Success
# 212nd input image : original value = 7, decision = 7 at 2845675 ps ==> Success
# 213rd input image : original value = 2, decision = 2 at 2859035 ps ==> Success
# 214th input image : original value = 1, decision = 1 at 2872395 ps ==> Success
# 215th input image : original value = 8, decision = 8 at 2885755 ps ==> Success
# 216th input image : original value = 5, decision = 5 at 2899115 ps ==> Success
# 217th input image : original value = 6, decision = 6 at 2912475 ps ==> Success
# 218th input image : original value = 8, decision = 8 at 2925835 ps ==> Success
# 219th input image : original value = 4, decision = 4 at 2939195 ps ==> Success
# 220th input image : original value = 0, decision = 0 at 2952555 ps ==> Success
# 221st input image : original value = 8, decision = 8 at 2965915 ps ==> Success
# 222nd input image : original value = 3, decision = 3 at 2979275 ps ==> Success
# 223rd input image : original value = 3, decision = 3 at 2992635 ps ==> Success
# 224th input image : original value = 8, decision = 8 at 3005995 ps ==> Success
# 225th input image : original value = 1, decision = 1 at 3019355 ps ==> Success
# 226th input image : original value = 0, decision = 0 at 3032715 ps ==> Success
# 227th input image : original value = 0, decision = 0 at 3046075 ps ==> Success
# 228th input image : original value = 8, decision = 8 at 3059435 ps ==> Success
# 229th input image : original value = 1, decision = 1 at 3072795 ps ==> Success
# 230th input image : original value = 3, decision = 3 at 3086155 ps ==> Success
# 231st input image : original value = 9, decision = 9 at 3099515 ps ==> Success
# 232nd input image : original value = 7, decision = 7 at 3112875 ps ==> Success
# 233rd input image : original value = 2, decision = 3 at 3126235 ps ==> Fail
# 234th input image : original value = 7, decision = 7 at 3139595 ps ==> Success
# 235th input image : original value = 7, decision = 7 at 3152955 ps ==> Success
# 236th input image : original value = 6, decision = 6 at 3166315 ps ==> Success
# 237th input image : original value = 6, decision = 6 at 3179675 ps ==> Success
# 238th input image : original value = 3, decision = 3 at 3193035 ps ==> Success
# 239th input image : original value = 3, decision = 3 at 3206395 ps ==> Success
# 240th input image : original value = 4, decision = 4 at 3219755 ps ==> Success
# 241st input image : original value = 0, decision = 0 at 3233115 ps ==> Success
# 242nd input image : original value = 8, decision = 8 at 3246475 ps ==> Success
# 243rd input image : original value = 2, decision = 2 at 3259835 ps ==> Success
# 244th input image : original value = 6, decision = 6 at 3273195 ps ==> Success
# 245th input image : original value = 5, decision = 5 at 3286555 ps ==> Success
# 246th input image : original value = 6, decision = 6 at 3299915 ps ==> Success
# 247th input image : original value = 4, decision = 4 at 3313275 ps ==> Success
# 248th input image : original value = 7, decision = 7 at 3326635 ps ==> Success
# 249th input image : original value = 4, decision = 4 at 3339995 ps ==> Success
# 250th input image : original value = 1, decision = 1 at 3353355 ps ==> Success
# 251st input image : original value = 0, decision = 0 at 3366715 ps ==> Success
# 252nd input image : original value = 7, decision = 7 at 3380075 ps ==> Success
# 253rd input image : original value = 3, decision = 3 at 3393435 ps ==> Success
# 254th input image : original value = 2, decision = 2 at 3406795 ps ==> Success
# 255th input image : original value = 4, decision = 4 at 3420155 ps ==> Success
# 256th input image : original value = 0, decision = 0 at 3433515 ps ==> Success
# 257th input image : original value = 1, decision = 1 at 3446875 ps ==> Success
# 258th input image : original value = 0, decision = 0 at 3460235 ps ==> Success
# 259th input image : original value = 9, decision = 9 at 3473595 ps ==> Success
# 260th input image : original value = 1, decision = 1 at 3486955 ps ==> Success
# 261st input image : original value = 2, decision = 2 at 3500315 ps ==> Success
# 262nd input image : original value = 8, decision = 8 at 3513675 ps ==> Success
# 263rd input image : original value = 6, decision = 6 at 3527035 ps ==> Success
# 264th input image : original value = 1, decision = 1 at 3540395 ps ==> Success
# 265th input image : original value = 0, decision = 0 at 3553755 ps ==> Success
# 266th input image : original value = 6, decision = 6 at 3567115 ps ==> Success
# 267th input image : original value = 6, decision = 6 at 3580475 ps ==> Success
# 268th input image : original value = 9, decision = 9 at 3593835 ps ==> Success
# 269th input image : original value = 4, decision = 4 at 3607195 ps ==> Success
# 270th input image : original value = 5, decision = 5 at 3620555 ps ==> Success
# 271st input image : original value = 0, decision = 0 at 3633915 ps ==> Success
# 272nd input image : original value = 0, decision = 0 at 3647275 ps ==> Success
# 273rd input image : original value = 6, decision = 6 at 3660635 ps ==> Success
# 274th input image : original value = 5, decision = 5 at 3673995 ps ==> Success
# 275th input image : original value = 9, decision = 9 at 3687355 ps ==> Success
# 276th input image : original value = 8, decision = 8 at 3700715 ps ==> Success
# 277th input image : original value = 3, decision = 3 at 3714075 ps ==> Success
# 278th input image : original value = 6, decision = 6 at 3727435 ps ==> Success
# 279th input image : original value = 9, decision = 9 at 3740795 ps ==> Success
# 280th input image : original value = 7, decision = 7 at 3754155 ps ==> Success
# 281st input image : original value = 2, decision = 2 at 3767515 ps ==> Success
# 282nd input image : original value = 1, decision = 1 at 3780875 ps ==> Success
# 283rd input image : original value = 9, decision = 9 at 3794235 ps ==> Success
# 284th input image : original value = 8, decision = 8 at 3807595 ps ==> Success
# 285th input image : original value = 6, decision = 6 at 3820955 ps ==> Success
# 286th input image : original value = 1, decision = 1 at 3834315 ps ==> Success
# 287th input image : original value = 4, decision = 4 at 3847675 ps ==> Success
# 288th input image : original value = 9, decision = 9 at 3861035 ps ==> Success
# 289th input image : original value = 9, decision = 9 at 3874395 ps ==> Success
# 290th input image : original value = 7, decision = 7 at 3887755 ps ==> Success
# 291st input image : original value = 2, decision = 2 at 3901115 ps ==> Success
# 292nd input image : original value = 5, decision = 5 at 3914475 ps ==> Success
# 293rd input image : original value = 6, decision = 6 at 3927835 ps ==> Success
# 294th input image : original value = 2, decision = 2 at 3941195 ps ==> Success
# 295th input image : original value = 9, decision = 9 at 3954555 ps ==> Success
# 296th input image : original value = 7, decision = 7 at 3967915 ps ==> Success
# 297th input image : original value = 7, decision = 7 at 3981275 ps ==> Success
# 298th input image : original value = 2, decision = 2 at 3994635 ps ==> Success
# 299th input image : original value = 1, decision = 1 at 4007995 ps ==> Success
# 300th input image : original value = 5, decision = 5 at 4021355 ps ==> Success
# 301st input image : original value = 3, decision = 3 at 4034715 ps ==> Success
# 302nd input image : original value = 5, decision = 5 at 4048075 ps ==> Success
# 303rd input image : original value = 9, decision = 9 at 4061435 ps ==> Success
# 304th input image : original value = 6, decision = 6 at 4074795 ps ==> Success
# 305th input image : original value = 1, decision = 1 at 4088155 ps ==> Success
# 306th input image : original value = 2, decision = 3 at 4101515 ps ==> Fail
# 307th input image : original value = 5, decision = 8 at 4114875 ps ==> Fail
# 308th input image : original value = 4, decision = 4 at 4128235 ps ==> Success
# 309th input image : original value = 0, decision = 0 at 4141595 ps ==> Success
# 310th input image : original value = 2, decision = 2 at 4154955 ps ==> Success
# 311st input image : original value = 7, decision = 7 at 4168315 ps ==> Success
# 312nd input image : original value = 4, decision = 4 at 4181675 ps ==> Success
# 313rd input image : original value = 3, decision = 3 at 4195035 ps ==> Success
# 314th input image : original value = 2, decision = 2 at 4208395 ps ==> Success
# 315th input image : original value = 0, decision = 2 at 4221755 ps ==> Fail
# 316th input image : original value = 4, decision = 4 at 4235115 ps ==> Success
# 317th input image : original value = 5, decision = 5 at 4248475 ps ==> Success
# 318th input image : original value = 9, decision = 9 at 4261835 ps ==> Success
# 319th input image : original value = 6, decision = 6 at 4275195 ps ==> Success
# 320th input image : original value = 2, decision = 2 at 4288555 ps ==> Success
# 321st input image : original value = 1, decision = 1 at 4301915 ps ==> Success
# 322nd input image : original value = 2, decision = 2 at 4315275 ps ==> Success
# 323rd input image : original value = 7, decision = 7 at 4328635 ps ==> Success
# 324th input image : original value = 0, decision = 0 at 4341995 ps ==> Success
# 325th input image : original value = 7, decision = 7 at 4355355 ps ==> Success
# 326th input image : original value = 8, decision = 8 at 4368715 ps ==> Success
# 327th input image : original value = 6, decision = 6 at 4382075 ps ==> Success
# 328th input image : original value = 2, decision = 3 at 4395435 ps ==> Fail
# 329th input image : original value = 6, decision = 6 at 4408795 ps ==> Success
# 330th input image : original value = 2, decision = 2 at 4422155 ps ==> Success
# 331st input image : original value = 0, decision = 0 at 4435515 ps ==> Success
# 332nd input image : original value = 8, decision = 8 at 4448875 ps ==> Success
# 333rd input image : original value = 5, decision = 5 at 4462235 ps ==> Success
# 334th input image : original value = 1, decision = 1 at 4475595 ps ==> Success
# 335th input image : original value = 9, decision = 9 at 4488955 ps ==> Success
# 336th input image : original value = 1, decision = 1 at 4502315 ps ==> Success
# 337th input image : original value = 5, decision = 8 at 4515675 ps ==> Fail
# 338th input image : original value = 7, decision = 7 at 4529035 ps ==> Success
# 339th input image : original value = 6, decision = 6 at 4542395 ps ==> Success
# 340th input image : original value = 3, decision = 3 at 4555755 ps ==> Success
# 341st input image : original value = 1, decision = 1 at 4569115 ps ==> Success
# 342nd input image : original value = 2, decision = 2 at 4582475 ps ==> Success
# 343rd input image : original value = 3, decision = 3 at 4595835 ps ==> Success
# 344th input image : original value = 7, decision = 7 at 4609195 ps ==> Success
# 345th input image : original value = 4, decision = 4 at 4622555 ps ==> Success
# 346th input image : original value = 0, decision = 0 at 4635915 ps ==> Success
# 347th input image : original value = 1, decision = 1 at 4649275 ps ==> Success
# 348th input image : original value = 1, decision = 1 at 4662635 ps ==> Success
# 349th input image : original value = 4, decision = 4 at 4675995 ps ==> Success
# 350th input image : original value = 5, decision = 5 at 4689355 ps ==> Success
# 351st input image : original value = 2, decision = 2 at 4702715 ps ==> Success
# 352nd input image : original value = 7, decision = 7 at 4716075 ps ==> Success
# 353rd input image : original value = 7, decision = 7 at 4729435 ps ==> Success
# 354th input image : original value = 9, decision = 9 at 4742795 ps ==> Success
# 355th input image : original value = 2, decision = 2 at 4756155 ps ==> Success
# 356th input image : original value = 5, decision = 5 at 4769515 ps ==> Success
# 357th input image : original value = 9, decision = 9 at 4782875 ps ==> Success
# 358th input image : original value = 4, decision = 4 at 4796235 ps ==> Success
# 359th input image : original value = 9, decision = 9 at 4809595 ps ==> Success
# 360th input image : original value = 2, decision = 2 at 4822955 ps ==> Success
# 361st input image : original value = 1, decision = 1 at 4836315 ps ==> Success
# 362nd input image : original value = 7, decision = 7 at 4849675 ps ==> Success
# 363rd input image : original value = 1, decision = 1 at 4863035 ps ==> Success
# 364th input image : original value = 3, decision = 3 at 4876395 ps ==> Success
# 365th input image : original value = 0, decision = 2 at 4889755 ps ==> Fail
# 366th input image : original value = 0, decision = 0 at 4903115 ps ==> Success
# 367th input image : original value = 2, decision = 3 at 4916475 ps ==> Fail
# 368th input image : original value = 8, decision = 8 at 4929835 ps ==> Success
# 369th input image : original value = 1, decision = 1 at 4943195 ps ==> Success
# 370th input image : original value = 1, decision = 1 at 4956555 ps ==> Success
# 371st input image : original value = 1, decision = 1 at 4969915 ps ==> Success
# 372nd input image : original value = 2, decision = 2 at 4983275 ps ==> Success
# 373rd input image : original value = 2, decision = 2 at 4996635 ps ==> Success
# 374th input image : original value = 0, decision = 0 at 5009995 ps ==> Success
# 375th input image : original value = 9, decision = 9 at 5023355 ps ==> Success
# 376th input image : original value = 5, decision = 5 at 5036715 ps ==> Success
# 377th input image : original value = 2, decision = 3 at 5050075 ps ==> Fail
# 378th input image : original value = 8, decision = 8 at 5063435 ps ==> Success
# 379th input image : original value = 0, decision = 4 at 5076795 ps ==> Fail
# 380th input image : original value = 3, decision = 3 at 5090155 ps ==> Success
# 381st input image : original value = 0, decision = 0 at 5103515 ps ==> Success
# 382nd input image : original value = 9, decision = 9 at 5116875 ps ==> Success
# 383rd input image : original value = 3, decision = 3 at 5130235 ps ==> Success
# 384th input image : original value = 5, decision = 5 at 5143595 ps ==> Success
# 385th input image : original value = 9, decision = 9 at 5156955 ps ==> Success
# 386th input image : original value = 0, decision = 0 at 5170315 ps ==> Success
# 387th input image : original value = 1, decision = 1 at 5183675 ps ==> Success
# 388th input image : original value = 4, decision = 4 at 5197035 ps ==> Success
# 389th input image : original value = 2, decision = 2 at 5210395 ps ==> Success
# 390th input image : original value = 4, decision = 4 at 5223755 ps ==> Success
# 391st input image : original value = 2, decision = 2 at 5237115 ps ==> Success
# 392nd input image : original value = 1, decision = 1 at 5250475 ps ==> Success
# 393rd input image : original value = 1, decision = 1 at 5263835 ps ==> Success
# 394th input image : original value = 0, decision = 0 at 5277195 ps ==> Success
# 395th input image : original value = 6, decision = 6 at 5290555 ps ==> Success
# 396th input image : original value = 0, decision = 0 at 5303915 ps ==> Success
# 397th input image : original value = 5, decision = 5 at 5317275 ps ==> Success
# 398th input image : original value = 6, decision = 6 at 5330635 ps ==> Success
# 399th input image : original value = 6, decision = 6 at 5343995 ps ==> Success
# 400th input image : original value = 9, decision = 9 at 5357355 ps ==> Success
# 401st input image : original value = 2, decision = 2 at 5370715 ps ==> Success
# 402nd input image : original value = 4, decision = 4 at 5384075 ps ==> Success
# 403rd input image : original value = 3, decision = 3 at 5397435 ps ==> Success
# 404th input image : original value = 9, decision = 9 at 5410795 ps ==> Success
# 405th input image : original value = 5, decision = 5 at 5424155 ps ==> Success
# 406th input image : original value = 1, decision = 1 at 5437515 ps ==> Success
# 407th input image : original value = 9, decision = 9 at 5450875 ps ==> Success
# 408th input image : original value = 3, decision = 3 at 5464235 ps ==> Success
# 409th input image : original value = 4, decision = 4 at 5477595 ps ==> Success
# 410th input image : original value = 3, decision = 3 at 5490955 ps ==> Success
# 411st input image : original value = 2, decision = 3 at 5504315 ps ==> Fail
# 412nd input image : original value = 2, decision = 2 at 5517675 ps ==> Success
# 413rd input image : original value = 0, decision = 0 at 5531035 ps ==> Success
# 414th input image : original value = 8, decision = 8 at 5544395 ps ==> Success
# 415th input image : original value = 0, decision = 0 at 5557755 ps ==> Success
# 416th input image : original value = 4, decision = 4 at 5571115 ps ==> Success
# 417th input image : original value = 6, decision = 6 at 5584475 ps ==> Success
# 418th input image : original value = 8, decision = 8 at 5597835 ps ==> Success
# 419th input image : original value = 5, decision = 5 at 5611195 ps ==> Success
# 420th input image : original value = 6, decision = 6 at 5624555 ps ==> Success
# 421st input image : original value = 2, decision = 2 at 5637915 ps ==> Success
# 422nd input image : original value = 3, decision = 3 at 5651275 ps ==> Success
# 423rd input image : original value = 3, decision = 3 at 5664635 ps ==> Success
# 424th input image : original value = 4, decision = 4 at 5677995 ps ==> Success
# 425th input image : original value = 4, decision = 4 at 5691355 ps ==> Success
# 426th input image : original value = 8, decision = 8 at 5704715 ps ==> Success
# 427th input image : original value = 6, decision = 6 at 5718075 ps ==> Success
# 428th input image : original value = 5, decision = 5 at 5731435 ps ==> Success
# 429th input image : original value = 4, decision = 4 at 5744795 ps ==> Success
# 430th input image : original value = 8, decision = 8 at 5758155 ps ==> Success
# 431st input image : original value = 4, decision = 4 at 5771515 ps ==> Success
# 432nd input image : original value = 2, decision = 2 at 5784875 ps ==> Success
# 433rd input image : original value = 1, decision = 1 at 5798235 ps ==> Success
# 434th input image : original value = 8, decision = 8 at 5811595 ps ==> Success
# 435th input image : original value = 2, decision = 2 at 5824955 ps ==> Success
# 436th input image : original value = 3, decision = 3 at 5838315 ps ==> Success
# 437th input image : original value = 2, decision = 2 at 5851675 ps ==> Success
# 438th input image : original value = 4, decision = 4 at 5865035 ps ==> Success
# 439th input image : original value = 1, decision = 1 at 5878395 ps ==> Success
# 440th input image : original value = 6, decision = 6 at 5891755 ps ==> Success
# 441st input image : original value = 1, decision = 1 at 5905115 ps ==> Success
# 442nd input image : original value = 8, decision = 8 at 5918475 ps ==> Success
# 443rd input image : original value = 5, decision = 5 at 5931835 ps ==> Success
# 444th input image : original value = 8, decision = 8 at 5945195 ps ==> Success
# 445th input image : original value = 1, decision = 1 at 5958555 ps ==> Success
# 446th input image : original value = 2, decision = 2 at 5971915 ps ==> Success
# 447th input image : original value = 1, decision = 1 at 5985275 ps ==> Success
# 448th input image : original value = 1, decision = 1 at 5998635 ps ==> Success
# 449th input image : original value = 8, decision = 8 at 6011995 ps ==> Success
# 450th input image : original value = 0, decision = 0 at 6025355 ps ==> Success
# 451st input image : original value = 2, decision = 2 at 6038715 ps ==> Success
# 452nd input image : original value = 3, decision = 3 at 6052075 ps ==> Success
# 453rd input image : original value = 3, decision = 3 at 6065435 ps ==> Success
# 454th input image : original value = 4, decision = 4 at 6078795 ps ==> Success
# 455th input image : original value = 8, decision = 8 at 6092155 ps ==> Success
# 456th input image : original value = 8, decision = 8 at 6105515 ps ==> Success
# 457th input image : original value = 8, decision = 8 at 6118875 ps ==> Success
# 458th input image : original value = 5, decision = 8 at 6132235 ps ==> Fail
# 459th input image : original value = 6, decision = 6 at 6145595 ps ==> Success
# 460th input image : original value = 7, decision = 7 at 6158955 ps ==> Success
# 461st input image : original value = 7, decision = 7 at 6172315 ps ==> Success
# 462nd input image : original value = 2, decision = 2 at 6185675 ps ==> Success
# 463rd input image : original value = 3, decision = 3 at 6199035 ps ==> Success
# 464th input image : original value = 1, decision = 1 at 6212395 ps ==> Success
# 465th input image : original value = 0, decision = 0 at 6225755 ps ==> Success
# 466th input image : original value = 4, decision = 4 at 6239115 ps ==> Success
# 467th input image : original value = 7, decision = 7 at 6252475 ps ==> Success
# 468th input image : original value = 5, decision = 5 at 6265835 ps ==> Success
# 469th input image : original value = 0, decision = 0 at 6279195 ps ==> Success
# 470th input image : original value = 1, decision = 1 at 6292555 ps ==> Success
# 471st input image : original value = 3, decision = 3 at 6305915 ps ==> Success
# 472nd input image : original value = 6, decision = 6 at 6319275 ps ==> Success
# 473rd input image : original value = 8, decision = 8 at 6332635 ps ==> Success
# 474th input image : original value = 7, decision = 7 at 6345995 ps ==> Success
# 475th input image : original value = 2, decision = 2 at 6359355 ps ==> Success
# 476th input image : original value = 2, decision = 2 at 6372715 ps ==> Success
# 477th input image : original value = 4, decision = 4 at 6386075 ps ==> Success
# 478th input image : original value = 2, decision = 2 at 6399435 ps ==> Success
# 479th input image : original value = 5, decision = 5 at 6412795 ps ==> Success
# 480th input image : original value = 1, decision = 1 at 6426155 ps ==> Success
# 481st input image : original value = 7, decision = 7 at 6439515 ps ==> Success
# 482nd input image : original value = 4, decision = 4 at 6452875 ps ==> Success
# 483rd input image : original value = 3, decision = 3 at 6466235 ps ==> Success
# 484th input image : original value = 4, decision = 4 at 6479595 ps ==> Success
# 485th input image : original value = 3, decision = 3 at 6492955 ps ==> Success
# 486th input image : original value = 4, decision = 4 at 6506315 ps ==> Success
# 487th input image : original value = 7, decision = 7 at 6519675 ps ==> Success
# 488th input image : original value = 8, decision = 8 at 6533035 ps ==> Success
# 489th input image : original value = 4, decision = 4 at 6546395 ps ==> Success
# 490th input image : original value = 9, decision = 9 at 6559755 ps ==> Success
# 491st input image : original value = 0, decision = 0 at 6573115 ps ==> Success
# 492nd input image : original value = 9, decision = 9 at 6586475 ps ==> Success
# 493rd input image : original value = 2, decision = 2 at 6599835 ps ==> Success
# 494th input image : original value = 4, decision = 4 at 6613195 ps ==> Success
# 495th input image : original value = 1, decision = 1 at 6626555 ps ==> Success
# 496th input image : original value = 4, decision = 4 at 6639915 ps ==> Success
# 497th input image : original value = 5, decision = 5 at 6653275 ps ==> Success
# 498th input image : original value = 7, decision = 7 at 6666635 ps ==> Success
# 499th input image : original value = 5, decision = 5 at 6679995 ps ==> Success
# 500th input image : original value = 2, decision = 2 at 6693355 ps ==> Success
# 501st input image : original value = 8, decision = 8 at 6706715 ps ==> Success
# 502nd input image : original value = 5, decision = 5 at 6720075 ps ==> Success
# 503rd input image : original value = 2, decision = 3 at 6733435 ps ==> Fail
# 504th input image : original value = 5, decision = 5 at 6746795 ps ==> Success
# 505th input image : original value = 8, decision = 8 at 6760155 ps ==> Success
# 506th input image : original value = 2, decision = 2 at 6773515 ps ==> Success
# 507th input image : original value = 5, decision = 5 at 6786875 ps ==> Success
# 508th input image : original value = 1, decision = 1 at 6800235 ps ==> Success
# 509th input image : original value = 5, decision = 5 at 6813595 ps ==> Success
# 510th input image : original value = 0, decision = 0 at 6826955 ps ==> Success
# 511st input image : original value = 0, decision = 2 at 6840315 ps ==> Fail
# 512nd input image : original value = 1, decision = 1 at 6853675 ps ==> Success
# 513rd input image : original value = 5, decision = 5 at 6867035 ps ==> Success
# 514th input image : original value = 4, decision = 4 at 6880395 ps ==> Success
# 515th input image : original value = 4, decision = 4 at 6893755 ps ==> Success
# 516th input image : original value = 0, decision = 0 at 6907115 ps ==> Success
# 517th input image : original value = 5, decision = 5 at 6920475 ps ==> Success
# 518th input image : original value = 6, decision = 6 at 6933835 ps ==> Success
# 519th input image : original value = 7, decision = 7 at 6947195 ps ==> Success
# 520th input image : original value = 0, decision = 0 at 6960555 ps ==> Success
# 521st input image : original value = 3, decision = 3 at 6973915 ps ==> Success
# 522nd input image : original value = 0, decision = 0 at 6987275 ps ==> Success
# 523rd input image : original value = 0, decision = 0 at 7000635 ps ==> Success
# 524th input image : original value = 3, decision = 3 at 7013995 ps ==> Success
# 525th input image : original value = 4, decision = 4 at 7027355 ps ==> Success
# 526th input image : original value = 8, decision = 8 at 7040715 ps ==> Success
# 527th input image : original value = 9, decision = 9 at 7054075 ps ==> Success
# 528th input image : original value = 2, decision = 2 at 7067435 ps ==> Success
# 529th input image : original value = 5, decision = 5 at 7080795 ps ==> Success
# 530th input image : original value = 9, decision = 9 at 7094155 ps ==> Success
# 531st input image : original value = 0, decision = 0 at 7107515 ps ==> Success
# 532nd input image : original value = 9, decision = 9 at 7120875 ps ==> Success
# 533rd input image : original value = 5, decision = 5 at 7134235 ps ==> Success
# 534th input image : original value = 0, decision = 0 at 7147595 ps ==> Success
# 535th input image : original value = 3, decision = 3 at 7160955 ps ==> Success
# 536th input image : original value = 1, decision = 1 at 7174315 ps ==> Success
# 537th input image : original value = 9, decision = 9 at 7187675 ps ==> Success
# 538th input image : original value = 3, decision = 3 at 7201035 ps ==> Success
# 539th input image : original value = 4, decision = 4 at 7214395 ps ==> Success
# 540th input image : original value = 4, decision = 4 at 7227755 ps ==> Success
# 541st input image : original value = 0, decision = 0 at 7241115 ps ==> Success
# 542nd input image : original value = 2, decision = 2 at 7254475 ps ==> Success
# 543rd input image : original value = 6, decision = 6 at 7267835 ps ==> Success
# 544th input image : original value = 7, decision = 7 at 7281195 ps ==> Success
# 545th input image : original value = 1, decision = 1 at 7294555 ps ==> Success
# 546th input image : original value = 1, decision = 1 at 7307915 ps ==> Success
# 547th input image : original value = 2, decision = 2 at 7321275 ps ==> Success
# 548th input image : original value = 8, decision = 8 at 7334635 ps ==> Success
# 549th input image : original value = 0, decision = 0 at 7347995 ps ==> Success
# 550th input image : original value = 0, decision = 0 at 7361355 ps ==> Success
# 551st input image : original value = 9, decision = 9 at 7374715 ps ==> Success
# 552nd input image : original value = 3, decision = 3 at 7388075 ps ==> Success
# 553rd input image : original value = 4, decision = 4 at 7401435 ps ==> Success
# 554th input image : original value = 2, decision = 2 at 7414795 ps ==> Success
# 555th input image : original value = 9, decision = 9 at 7428155 ps ==> Success
# 556th input image : original value = 3, decision = 3 at 7441515 ps ==> Success
# 557th input image : original value = 5, decision = 5 at 7454875 ps ==> Success
# 558th input image : original value = 9, decision = 9 at 7468235 ps ==> Success
# 559th input image : original value = 8, decision = 8 at 7481595 ps ==> Success
# 560th input image : original value = 3, decision = 3 at 7494955 ps ==> Success
# 561st input image : original value = 5, decision = 5 at 7508315 ps ==> Success
# 562nd input image : original value = 0, decision = 0 at 7521675 ps ==> Success
# 563rd input image : original value = 1, decision = 1 at 7535035 ps ==> Success
# 564th input image : original value = 1, decision = 1 at 7548395 ps ==> Success
# 565th input image : original value = 8, decision = 8 at 7561755 ps ==> Success
# 566th input image : original value = 0, decision = 2 at 7575115 ps ==> Fail
# 567th input image : original value = 8, decision = 8 at 7588475 ps ==> Success
# 568th input image : original value = 1, decision = 1 at 7601835 ps ==> Success
# 569th input image : original value = 3, decision = 3 at 7615195 ps ==> Success
# 570th input image : original value = 7, decision = 7 at 7628555 ps ==> Success
# 571st input image : original value = 8, decision = 8 at 7641915 ps ==> Success
# 572nd input image : original value = 9, decision = 9 at 7655275 ps ==> Success
# 573rd input image : original value = 4, decision = 4 at 7668635 ps ==> Success
# 574th input image : original value = 1, decision = 1 at 7681995 ps ==> Success
# 575th input image : original value = 5, decision = 5 at 7695355 ps ==> Success
# 576th input image : original value = 1, decision = 1 at 7708715 ps ==> Success
# 577th input image : original value = 0, decision = 0 at 7722075 ps ==> Success
# 578th input image : original value = 8, decision = 8 at 7735435 ps ==> Success
# 579th input image : original value = 2, decision = 2 at 7748795 ps ==> Success
# 580th input image : original value = 1, decision = 1 at 7762155 ps ==> Success
# 581st input image : original value = 3, decision = 3 at 7775515 ps ==> Success
# 582nd input image : original value = 2, decision = 2 at 7788875 ps ==> Success
# 583rd input image : original value = 8, decision = 8 at 7802235 ps ==> Success
# 584th input image : original value = 9, decision = 9 at 7815595 ps ==> Success
# 585th input image : original value = 7, decision = 7 at 7828955 ps ==> Success
# 586th input image : original value = 7, decision = 7 at 7842315 ps ==> Success
# 587th input image : original value = 8, decision = 8 at 7855675 ps ==> Success
# 588th input image : original value = 7, decision = 7 at 7869035 ps ==> Success
# 589th input image : original value = 4, decision = 4 at 7882395 ps ==> Success
# 590th input image : original value = 0, decision = 0 at 7895755 ps ==> Success
# 591st input image : original value = 3, decision = 3 at 7909115 ps ==> Success
# 592nd input image : original value = 7, decision = 7 at 7922475 ps ==> Success
# 593rd input image : original value = 0, decision = 0 at 7935835 ps ==> Success
# 594th input image : original value = 7, decision = 7 at 7949195 ps ==> Success
# 595th input image : original value = 9, decision = 9 at 7962555 ps ==> Success
# 596th input image : original value = 3, decision = 3 at 7975915 ps ==> Success
# 597th input image : original value = 9, decision = 9 at 7989275 ps ==> Success
# 598th input image : original value = 8, decision = 8 at 8002635 ps ==> Success
# 599th input image : original value = 4, decision = 4 at 8015995 ps ==> Success
# 600th input image : original value = 9, decision = 9 at 8029355 ps ==> Success
# 601st input image : original value = 2, decision = 2 at 8042715 ps ==> Success
# 602nd input image : original value = 9, decision = 9 at 8056075 ps ==> Success
# 603rd input image : original value = 1, decision = 1 at 8069435 ps ==> Success
# 604th input image : original value = 9, decision = 9 at 8082795 ps ==> Success
# 605th input image : original value = 6, decision = 6 at 8096155 ps ==> Success
# 606th input image : original value = 0, decision = 0 at 8109515 ps ==> Success
# 607th input image : original value = 0, decision = 0 at 8122875 ps ==> Success
# 608th input image : original value = 6, decision = 6 at 8136235 ps ==> Success
# 609th input image : original value = 9, decision = 9 at 8149595 ps ==> Success
# 610th input image : original value = 6, decision = 6 at 8162955 ps ==> Success
# 611st input image : original value = 6, decision = 6 at 8176315 ps ==> Success
# 612nd input image : original value = 6, decision = 6 at 8189675 ps ==> Success
# 613rd input image : original value = 0, decision = 0 at 8203035 ps ==> Success
# 614th input image : original value = 1, decision = 1 at 8216395 ps ==> Success
# 615th input image : original value = 3, decision = 3 at 8229755 ps ==> Success
# 616th input image : original value = 0, decision = 0 at 8243115 ps ==> Success
# 617th input image : original value = 1, decision = 1 at 8256475 ps ==> Success
# 618th input image : original value = 9, decision = 9 at 8269835 ps ==> Success
# 619th input image : original value = 6, decision = 6 at 8283195 ps ==> Success
# 620th input image : original value = 4, decision = 4 at 8296555 ps ==> Success
# 621st input image : original value = 1, decision = 1 at 8309915 ps ==> Success
# 622nd input image : original value = 7, decision = 7 at 8323275 ps ==> Success
# 623rd input image : original value = 0, decision = 0 at 8336635 ps ==> Success
# 624th input image : original value = 8, decision = 8 at 8349995 ps ==> Success
# 625th input image : original value = 7, decision = 7 at 8363355 ps ==> Success
# 626th input image : original value = 2, decision = 3 at 8376715 ps ==> Fail
# 627th input image : original value = 8, decision = 8 at 8390075 ps ==> Success
# 628th input image : original value = 5, decision = 5 at 8403435 ps ==> Success
# 629th input image : original value = 7, decision = 7 at 8416795 ps ==> Success
# 630th input image : original value = 3, decision = 3 at 8430155 ps ==> Success
# 631st input image : original value = 9, decision = 9 at 8443515 ps ==> Success
# 632nd input image : original value = 3, decision = 3 at 8456875 ps ==> Success
# 633rd input image : original value = 9, decision = 9 at 8470235 ps ==> Success
# 634th input image : original value = 9, decision = 9 at 8483595 ps ==> Success
# 635th input image : original value = 1, decision = 1 at 8496955 ps ==> Success
# 636th input image : original value = 3, decision = 3 at 8510315 ps ==> Success
# 637th input image : original value = 9, decision = 9 at 8523675 ps ==> Success
# 638th input image : original value = 1, decision = 1 at 8537035 ps ==> Success
# 639th input image : original value = 6, decision = 6 at 8550395 ps ==> Success
# 640th input image : original value = 7, decision = 7 at 8563755 ps ==> Success
# 641st input image : original value = 6, decision = 6 at 8577115 ps ==> Success
# 642nd input image : original value = 0, decision = 0 at 8590475 ps ==> Success
# 643rd input image : original value = 7, decision = 7 at 8603835 ps ==> Success
# 644th input image : original value = 8, decision = 8 at 8617195 ps ==> Success
# 645th input image : original value = 7, decision = 7 at 8630555 ps ==> Success
# 646th input image : original value = 4, decision = 4 at 8643915 ps ==> Success
# 647th input image : original value = 0, decision = 0 at 8657275 ps ==> Success
# 648th input image : original value = 9, decision = 9 at 8670635 ps ==> Success
# 649th input image : original value = 0, decision = 0 at 8683995 ps ==> Success
# 650th input image : original value = 6, decision = 6 at 8697355 ps ==> Success
# 651st input image : original value = 5, decision = 5 at 8710715 ps ==> Success
# 652nd input image : original value = 0, decision = 0 at 8724075 ps ==> Success
# 653rd input image : original value = 8, decision = 8 at 8737435 ps ==> Success
# 654th input image : original value = 5, decision = 5 at 8750795 ps ==> Success
# 655th input image : original value = 3, decision = 3 at 8764155 ps ==> Success
# 656th input image : original value = 2, decision = 2 at 8777515 ps ==> Success
# 657th input image : original value = 9, decision = 9 at 8790875 ps ==> Success
# 658th input image : original value = 6, decision = 6 at 8804235 ps ==> Success
# 659th input image : original value = 8, decision = 8 at 8817595 ps ==> Success
# 660th input image : original value = 5, decision = 8 at 8830955 ps ==> Fail
# 661st input image : original value = 4, decision = 4 at 8844315 ps ==> Success
# 662nd input image : original value = 0, decision = 2 at 8857675 ps ==> Fail
# 663rd input image : original value = 2, decision = 2 at 8871035 ps ==> Success
# 664th input image : original value = 6, decision = 6 at 8884395 ps ==> Success
# 665th input image : original value = 3, decision = 3 at 8897755 ps ==> Success
# 666th input image : original value = 9, decision = 9 at 8911115 ps ==> Success
# 667th input image : original value = 6, decision = 6 at 8924475 ps ==> Success
# 668th input image : original value = 5, decision = 5 at 8937835 ps ==> Success
# 669th input image : original value = 6, decision = 6 at 8951195 ps ==> Success
# 670th input image : original value = 7, decision = 7 at 8964555 ps ==> Success
# 671st input image : original value = 6, decision = 6 at 8977915 ps ==> Success
# 672nd input image : original value = 0, decision = 0 at 8991275 ps ==> Success
# 673rd input image : original value = 6, decision = 6 at 9004635 ps ==> Success
# 674th input image : original value = 3, decision = 3 at 9017995 ps ==> Success
# 675th input image : original value = 1, decision = 1 at 9031355 ps ==> Success
# 676th input image : original value = 5, decision = 5 at 9044715 ps ==> Success
# 677th input image : original value = 0, decision = 0 at 9058075 ps ==> Success
# 678th input image : original value = 1, decision = 1 at 9071435 ps ==> Success
# 679th input image : original value = 9, decision = 9 at 9084795 ps ==> Success
# 680th input image : original value = 9, decision = 9 at 9098155 ps ==> Success
# 681st input image : original value = 4, decision = 4 at 9111515 ps ==> Success
# 682nd input image : original value = 3, decision = 3 at 9124875 ps ==> Success
# 683rd input image : original value = 1, decision = 1 at 9138235 ps ==> Success
# 684th input image : original value = 1, decision = 1 at 9151595 ps ==> Success
# 685th input image : original value = 1, decision = 1 at 9164955 ps ==> Success
# 686th input image : original value = 3, decision = 3 at 9178315 ps ==> Success
# 687th input image : original value = 7, decision = 7 at 9191675 ps ==> Success
# 688th input image : original value = 3, decision = 3 at 9205035 ps ==> Success
# 689th input image : original value = 5, decision = 5 at 9218395 ps ==> Success
# 690th input image : original value = 3, decision = 3 at 9231755 ps ==> Success
# 691st input image : original value = 9, decision = 9 at 9245115 ps ==> Success
# 692nd input image : original value = 6, decision = 6 at 9258475 ps ==> Success
# 693rd input image : original value = 3, decision = 3 at 9271835 ps ==> Success
# 694th input image : original value = 8, decision = 8 at 9285195 ps ==> Success
# 695th input image : original value = 1, decision = 1 at 9298555 ps ==> Success
# 696th input image : original value = 4, decision = 4 at 9311915 ps ==> Success
# 697th input image : original value = 1, decision = 1 at 9325275 ps ==> Success
# 698th input image : original value = 9, decision = 9 at 9338635 ps ==> Success
# 699th input image : original value = 0, decision = 0 at 9351995 ps ==> Success
# 700th input image : original value = 9, decision = 9 at 9365355 ps ==> Success
# 701st input image : original value = 8, decision = 8 at 9378715 ps ==> Success
# 702nd input image : original value = 0, decision = 0 at 9392075 ps ==> Success
# 703rd input image : original value = 4, decision = 4 at 9405435 ps ==> Success
# 704th input image : original value = 0, decision = 0 at 9418795 ps ==> Success
# 705th input image : original value = 3, decision = 3 at 9432155 ps ==> Success
# 706th input image : original value = 1, decision = 1 at 9445515 ps ==> Success
# 707th input image : original value = 6, decision = 6 at 9458875 ps ==> Success
# 708th input image : original value = 9, decision = 9 at 9472235 ps ==> Success
# 709th input image : original value = 6, decision = 6 at 9485595 ps ==> Success
# 710th input image : original value = 3, decision = 3 at 9498955 ps ==> Success
# 711st input image : original value = 6, decision = 6 at 9512315 ps ==> Success
# 712nd input image : original value = 8, decision = 8 at 9525675 ps ==> Success
# 713rd input image : original value = 5, decision = 5 at 9539035 ps ==> Success
# 714th input image : original value = 0, decision = 0 at 9552395 ps ==> Success
# 715th input image : original value = 3, decision = 3 at 9565755 ps ==> Success
# 716th input image : original value = 9, decision = 9 at 9579115 ps ==> Success
# 717th input image : original value = 1, decision = 1 at 9592475 ps ==> Success
# 718th input image : original value = 8, decision = 8 at 9605835 ps ==> Success
# 719th input image : original value = 4, decision = 4 at 9619195 ps ==> Success
# 720th input image : original value = 4, decision = 4 at 9632555 ps ==> Success
# 721st input image : original value = 4, decision = 4 at 9645915 ps ==> Success
# 722nd input image : original value = 1, decision = 1 at 9659275 ps ==> Success
# 723rd input image : original value = 7, decision = 7 at 9672635 ps ==> Success
# 724th input image : original value = 8, decision = 8 at 9685995 ps ==> Success
# 725th input image : original value = 4, decision = 4 at 9699355 ps ==> Success
# 726th input image : original value = 1, decision = 1 at 9712715 ps ==> Success
# 727th input image : original value = 1, decision = 1 at 9726075 ps ==> Success
# 728th input image : original value = 5, decision = 5 at 9739435 ps ==> Success
# 729th input image : original value = 3, decision = 3 at 9752795 ps ==> Success
# 730th input image : original value = 7, decision = 7 at 9766155 ps ==> Success
# 731st input image : original value = 1, decision = 1 at 9779515 ps ==> Success
# 732nd input image : original value = 4, decision = 4 at 9792875 ps ==> Success
# 733rd input image : original value = 1, decision = 1 at 9806235 ps ==> Success
# 734th input image : original value = 1, decision = 1 at 9819595 ps ==> Success
# 735th input image : original value = 1, decision = 1 at 9832955 ps ==> Success
# 736th input image : original value = 6, decision = 6 at 9846315 ps ==> Success
# 737th input image : original value = 1, decision = 1 at 9859675 ps ==> Success
# 738th input image : original value = 7, decision = 7 at 9873035 ps ==> Success
# 739th input image : original value = 5, decision = 5 at 9886395 ps ==> Success
# 740th input image : original value = 1, decision = 1 at 9899755 ps ==> Success
# 741st input image : original value = 6, decision = 6 at 9913115 ps ==> Success
# 742nd input image : original value = 6, decision = 6 at 9926475 ps ==> Success
# 743rd input image : original value = 9, decision = 9 at 9939835 ps ==> Success
# 744th input image : original value = 9, decision = 9 at 9953195 ps ==> Success
# 745th input image : original value = 1, decision = 1 at 9966555 ps ==> Success
# 746th input image : original value = 2, decision = 2 at 9979915 ps ==> Success
# 747th input image : original value = 0, decision = 0 at 9993275 ps ==> Success
# 748th input image : original value = 0, decision = 0 at 10006635 ps ==> Success
# 749th input image : original value = 3, decision = 3 at 10019995 ps ==> Success
# 750th input image : original value = 9, decision = 9 at 10033355 ps ==> Success
# 751st input image : original value = 9, decision = 9 at 10046715 ps ==> Success
# 752nd input image : original value = 8, decision = 8 at 10060075 ps ==> Success
# 753rd input image : original value = 3, decision = 3 at 10073435 ps ==> Success
# 754th input image : original value = 2, decision = 2 at 10086795 ps ==> Success
# 755th input image : original value = 5, decision = 5 at 10100155 ps ==> Success
# 756th input image : original value = 8, decision = 8 at 10113515 ps ==> Success
# 757th input image : original value = 7, decision = 7 at 10126875 ps ==> Success
# 758th input image : original value = 6, decision = 6 at 10140235 ps ==> Success
# 759th input image : original value = 4, decision = 4 at 10153595 ps ==> Success
# 760th input image : original value = 5, decision = 5 at 10166955 ps ==> Success
# 761st input image : original value = 6, decision = 6 at 10180315 ps ==> Success
# 762nd input image : original value = 0, decision = 0 at 10193675 ps ==> Success
# 763rd input image : original value = 2, decision = 2 at 10207035 ps ==> Success
# 764th input image : original value = 0, decision = 0 at 10220395 ps ==> Success
# 765th input image : original value = 3, decision = 3 at 10233755 ps ==> Success
# 766th input image : original value = 3, decision = 3 at 10247115 ps ==> Success
# 767th input image : original value = 7, decision = 7 at 10260475 ps ==> Success
# 768th input image : original value = 6, decision = 6 at 10273835 ps ==> Success
# 769th input image : original value = 4, decision = 4 at 10287195 ps ==> Success
# 770th input image : original value = 5, decision = 5 at 10300555 ps ==> Success
# 771st input image : original value = 4, decision = 4 at 10313915 ps ==> Success
# 772nd input image : original value = 8, decision = 8 at 10327275 ps ==> Success
# 773rd input image : original value = 0, decision = 0 at 10340635 ps ==> Success
# 774th input image : original value = 2, decision = 2 at 10353995 ps ==> Success
# 775th input image : original value = 2, decision = 2 at 10367355 ps ==> Success
# 776th input image : original value = 3, decision = 3 at 10380715 ps ==> Success
# 777th input image : original value = 9, decision = 9 at 10394075 ps ==> Success
# 778th input image : original value = 8, decision = 8 at 10407435 ps ==> Success
# 779th input image : original value = 9, decision = 9 at 10420795 ps ==> Success
# 780th input image : original value = 5, decision = 5 at 10434155 ps ==> Success
# 781st input image : original value = 9, decision = 9 at 10447515 ps ==> Success
# 782nd input image : original value = 2, decision = 2 at 10460875 ps ==> Success
# 783rd input image : original value = 5, decision = 5 at 10474235 ps ==> Success
# 784th input image : original value = 3, decision = 3 at 10487595 ps ==> Success
# 785th input image : original value = 0, decision = 0 at 10500955 ps ==> Success
# 786th input image : original value = 9, decision = 9 at 10514315 ps ==> Success
# 787th input image : original value = 1, decision = 1 at 10527675 ps ==> Success
# 788th input image : original value = 6, decision = 6 at 10541035 ps ==> Success
# 789th input image : original value = 7, decision = 7 at 10554395 ps ==> Success
# 790th input image : original value = 7, decision = 7 at 10567755 ps ==> Success
# 791st input image : original value = 1, decision = 1 at 10581115 ps ==> Success
# 792nd input image : original value = 5, decision = 5 at 10594475 ps ==> Success
# 793rd input image : original value = 1, decision = 1 at 10607835 ps ==> Success
# 794th input image : original value = 1, decision = 1 at 10621195 ps ==> Success
# 795th input image : original value = 6, decision = 6 at 10634555 ps ==> Success
# 796th input image : original value = 6, decision = 6 at 10647915 ps ==> Success
# 797th input image : original value = 2, decision = 2 at 10661275 ps ==> Success
# 798th input image : original value = 4, decision = 4 at 10674635 ps ==> Success
# 799th input image : original value = 4, decision = 4 at 10687995 ps ==> Success
# 800th input image : original value = 2, decision = 2 at 10701355 ps ==> Success
# 801st input image : original value = 1, decision = 1 at 10714715 ps ==> Success
# 802nd input image : original value = 6, decision = 6 at 10728075 ps ==> Success
# 803rd input image : original value = 0, decision = 0 at 10741435 ps ==> Success
# 804th input image : original value = 1, decision = 1 at 10754795 ps ==> Success
# 805th input image : original value = 1, decision = 1 at 10768155 ps ==> Success
# 806th input image : original value = 0, decision = 0 at 10781515 ps ==> Success
# 807th input image : original value = 0, decision = 0 at 10794875 ps ==> Success
# 808th input image : original value = 0, decision = 0 at 10808235 ps ==> Success
# 809th input image : original value = 6, decision = 6 at 10821595 ps ==> Success
# 810th input image : original value = 2, decision = 2 at 10834955 ps ==> Success
# 811st input image : original value = 4, decision = 4 at 10848315 ps ==> Success
# 812nd input image : original value = 9, decision = 9 at 10861675 ps ==> Success
# 813rd input image : original value = 1, decision = 1 at 10875035 ps ==> Success
# 814th input image : original value = 1, decision = 1 at 10888395 ps ==> Success
# 815th input image : original value = 8, decision = 8 at 10901755 ps ==> Success
# 816th input image : original value = 9, decision = 9 at 10915115 ps ==> Success
# 817th input image : original value = 5, decision = 5 at 10928475 ps ==> Success
# 818th input image : original value = 8, decision = 8 at 10941835 ps ==> Success
# 819th input image : original value = 2, decision = 2 at 10955195 ps ==> Success
# 820th input image : original value = 7, decision = 7 at 10968555 ps ==> Success
# 821st input image : original value = 1, decision = 1 at 10981915 ps ==> Success
# 822nd input image : original value = 2, decision = 2 at 10995275 ps ==> Success
# 823rd input image : original value = 9, decision = 9 at 11008635 ps ==> Success
# 824th input image : original value = 5, decision = 5 at 11021995 ps ==> Success
# 825th input image : original value = 9, decision = 9 at 11035355 ps ==> Success
# 826th input image : original value = 7, decision = 7 at 11048715 ps ==> Success
# 827th input image : original value = 8, decision = 8 at 11062075 ps ==> Success
# 828th input image : original value = 5, decision = 8 at 11075435 ps ==> Fail
# 829th input image : original value = 2, decision = 2 at 11088795 ps ==> Success
# 830th input image : original value = 6, decision = 6 at 11102155 ps ==> Success
# 831st input image : original value = 5, decision = 5 at 11115515 ps ==> Success
# 832nd input image : original value = 7, decision = 7 at 11128875 ps ==> Success
# 833rd input image : original value = 8, decision = 8 at 11142235 ps ==> Success
# 834th input image : original value = 9, decision = 9 at 11155595 ps ==> Success
# 835th input image : original value = 2, decision = 2 at 11168955 ps ==> Success
# 836th input image : original value = 0, decision = 0 at 11182315 ps ==> Success
# 837th input image : original value = 1, decision = 1 at 11195675 ps ==> Success
# 838th input image : original value = 4, decision = 4 at 11209035 ps ==> Success
# 839th input image : original value = 8, decision = 8 at 11222395 ps ==> Success
# 840th input image : original value = 1, decision = 1 at 11235755 ps ==> Success
# 841st input image : original value = 3, decision = 3 at 11249115 ps ==> Success
# 842nd input image : original value = 8, decision = 8 at 11262475 ps ==> Success
# 843rd input image : original value = 5, decision = 5 at 11275835 ps ==> Success
# 844th input image : original value = 0, decision = 0 at 11289195 ps ==> Success
# 845th input image : original value = 5, decision = 5 at 11302555 ps ==> Success
# 846th input image : original value = 4, decision = 4 at 11315915 ps ==> Success
# 847th input image : original value = 1, decision = 1 at 11329275 ps ==> Success
# 848th input image : original value = 5, decision = 5 at 11342635 ps ==> Success
# 849th input image : original value = 7, decision = 7 at 11355995 ps ==> Success
# 850th input image : original value = 1, decision = 1 at 11369355 ps ==> Success
# 851st input image : original value = 0, decision = 0 at 11382715 ps ==> Success
# 852nd input image : original value = 2, decision = 2 at 11396075 ps ==> Success
# 853rd input image : original value = 5, decision = 5 at 11409435 ps ==> Success
# 854th input image : original value = 1, decision = 1 at 11422795 ps ==> Success
# 855th input image : original value = 2, decision = 2 at 11436155 ps ==> Success
# 856th input image : original value = 1, decision = 1 at 11449515 ps ==> Success
# 857th input image : original value = 4, decision = 4 at 11462875 ps ==> Success
# 858th input image : original value = 9, decision = 9 at 11476235 ps ==> Success
# 859th input image : original value = 4, decision = 4 at 11489595 ps ==> Success
# 860th input image : original value = 0, decision = 0 at 11502955 ps ==> Success
# 861st input image : original value = 9, decision = 9 at 11516315 ps ==> Success
# 862nd input image : original value = 4, decision = 4 at 11529675 ps ==> Success
# 863rd input image : original value = 3, decision = 3 at 11543035 ps ==> Success
# 864th input image : original value = 3, decision = 3 at 11556395 ps ==> Success
# 865th input image : original value = 6, decision = 6 at 11569755 ps ==> Success
# 866th input image : original value = 0, decision = 0 at 11583115 ps ==> Success
# 867th input image : original value = 5, decision = 5 at 11596475 ps ==> Success
# 868th input image : original value = 3, decision = 3 at 11609835 ps ==> Success
# 869th input image : original value = 1, decision = 1 at 11623195 ps ==> Success
# 870th input image : original value = 9, decision = 9 at 11636555 ps ==> Success
# 871st input image : original value = 6, decision = 6 at 11649915 ps ==> Success
# 872nd input image : original value = 1, decision = 1 at 11663275 ps ==> Success
# 873rd input image : original value = 6, decision = 6 at 11676635 ps ==> Success
# 874th input image : original value = 6, decision = 6 at 11689995 ps ==> Success
# 875th input image : original value = 9, decision = 9 at 11703355 ps ==> Success
# 876th input image : original value = 4, decision = 4 at 11716715 ps ==> Success
# 877th input image : original value = 2, decision = 2 at 11730075 ps ==> Success
# 878th input image : original value = 4, decision = 4 at 11743435 ps ==> Success
# 879th input image : original value = 3, decision = 3 at 11756795 ps ==> Success
# 880th input image : original value = 3, decision = 3 at 11770155 ps ==> Success
# 881st input image : original value = 5, decision = 5 at 11783515 ps ==> Success
# 882nd input image : original value = 3, decision = 3 at 11796875 ps ==> Success
# 883rd input image : original value = 7, decision = 7 at 11810235 ps ==> Success
# 884th input image : original value = 6, decision = 6 at 11823595 ps ==> Success
# 885th input image : original value = 8, decision = 8 at 11836955 ps ==> Success
# 886th input image : original value = 2, decision = 2 at 11850315 ps ==> Success
# 887th input image : original value = 8, decision = 8 at 11863675 ps ==> Success
# 888th input image : original value = 7, decision = 7 at 11877035 ps ==> Success
# 889th input image : original value = 4, decision = 4 at 11890395 ps ==> Success
# 890th input image : original value = 6, decision = 6 at 11903755 ps ==> Success
# 891st input image : original value = 5, decision = 5 at 11917115 ps ==> Success
# 892nd input image : original value = 1, decision = 1 at 11930475 ps ==> Success
# 893rd input image : original value = 4, decision = 4 at 11943835 ps ==> Success
# 894th input image : original value = 5, decision = 8 at 11957195 ps ==> Fail
# 895th input image : original value = 4, decision = 4 at 11970555 ps ==> Success
# 896th input image : original value = 6, decision = 6 at 11983915 ps ==> Success
# 897th input image : original value = 5, decision = 5 at 11997275 ps ==> Success
# 898th input image : original value = 0, decision = 0 at 12010635 ps ==> Success
# 899th input image : original value = 8, decision = 8 at 12023995 ps ==> Success
# 900th input image : original value = 0, decision = 0 at 12037355 ps ==> Success
# 901st input image : original value = 4, decision = 4 at 12050715 ps ==> Success
# 902nd input image : original value = 5, decision = 8 at 12064075 ps ==> Fail
# 903rd input image : original value = 4, decision = 4 at 12077435 ps ==> Success
# 904th input image : original value = 1, decision = 1 at 12090795 ps ==> Success
# 905th input image : original value = 3, decision = 3 at 12104155 ps ==> Success
# 906th input image : original value = 9, decision = 9 at 12117515 ps ==> Success
# 907th input image : original value = 6, decision = 6 at 12130875 ps ==> Success
# 908th input image : original value = 2, decision = 2 at 12144235 ps ==> Success
# 909th input image : original value = 6, decision = 6 at 12157595 ps ==> Success
# 910th input image : original value = 7, decision = 7 at 12170955 ps ==> Success
# 911st input image : original value = 9, decision = 9 at 12184315 ps ==> Success
# 912nd input image : original value = 8, decision = 8 at 12197675 ps ==> Success
# 913rd input image : original value = 0, decision = 0 at 12211035 ps ==> Success
# 914th input image : original value = 5, decision = 5 at 12224395 ps ==> Success
# 915th input image : original value = 7, decision = 7 at 12237755 ps ==> Success
# 916th input image : original value = 6, decision = 6 at 12251115 ps ==> Success
# 917th input image : original value = 5, decision = 5 at 12264475 ps ==> Success
# 918th input image : original value = 0, decision = 0 at 12277835 ps ==> Success
# 919th input image : original value = 0, decision = 0 at 12291195 ps ==> Success
# 920th input image : original value = 9, decision = 9 at 12304555 ps ==> Success
# 921st input image : original value = 4, decision = 4 at 12317915 ps ==> Success
# 922nd input image : original value = 2, decision = 2 at 12331275 ps ==> Success
# 923rd input image : original value = 6, decision = 6 at 12344635 ps ==> Success
# 924th input image : original value = 8, decision = 8 at 12357995 ps ==> Success
# 925th input image : original value = 2, decision = 2 at 12371355 ps ==> Success
# 926th input image : original value = 3, decision = 3 at 12384715 ps ==> Success
# 927th input image : original value = 7, decision = 7 at 12398075 ps ==> Success
# 928th input image : original value = 7, decision = 7 at 12411435 ps ==> Success
# 929th input image : original value = 5, decision = 5 at 12424795 ps ==> Success
# 930th input image : original value = 6, decision = 6 at 12438155 ps ==> Success
# 931st input image : original value = 7, decision = 7 at 12451515 ps ==> Success
# 932nd input image : original value = 2, decision = 2 at 12464875 ps ==> Success
# 933rd input image : original value = 7, decision = 7 at 12478235 ps ==> Success
# 934th input image : original value = 1, decision = 1 at 12491595 ps ==> Success
# 935th input image : original value = 1, decision = 1 at 12504955 ps ==> Success
# 936th input image : original value = 2, decision = 2 at 12518315 ps ==> Success
# 937th input image : original value = 7, decision = 7 at 12531675 ps ==> Success
# 938th input image : original value = 0, decision = 0 at 12545035 ps ==> Success
# 939th input image : original value = 5, decision = 5 at 12558395 ps ==> Success
# 940th input image : original value = 5, decision = 5 at 12571755 ps ==> Success
# 941st input image : original value = 4, decision = 4 at 12585115 ps ==> Success
# 942nd input image : original value = 1, decision = 1 at 12598475 ps ==> Success
# 943rd input image : original value = 7, decision = 7 at 12611835 ps ==> Success
# 944th input image : original value = 3, decision = 3 at 12625195 ps ==> Success
# 945th input image : original value = 8, decision = 8 at 12638555 ps ==> Success
# 946th input image : original value = 6, decision = 6 at 12651915 ps ==> Success
# 947th input image : original value = 1, decision = 1 at 12665275 ps ==> Success
# 948th input image : original value = 6, decision = 6 at 12678635 ps ==> Success
# 949th input image : original value = 4, decision = 4 at 12691995 ps ==> Success
# 950th input image : original value = 1, decision = 1 at 12705355 ps ==> Success
# 951st input image : original value = 2, decision = 2 at 12718715 ps ==> Success
# 952nd input image : original value = 2, decision = 2 at 12732075 ps ==> Success
# 953rd input image : original value = 5, decision = 5 at 12745435 ps ==> Success
# 954th input image : original value = 9, decision = 9 at 12758795 ps ==> Success
# 955th input image : original value = 7, decision = 7 at 12772155 ps ==> Success
# 956th input image : original value = 7, decision = 7 at 12785515 ps ==> Success
# 957th input image : original value = 1, decision = 1 at 12798875 ps ==> Success
# 958th input image : original value = 5, decision = 8 at 12812235 ps ==> Fail
# 959th input image : original value = 4, decision = 4 at 12825595 ps ==> Success
# 960th input image : original value = 1, decision = 1 at 12838955 ps ==> Success
# 961st input image : original value = 9, decision = 9 at 12852315 ps ==> Success
# 962nd input image : original value = 7, decision = 7 at 12865675 ps ==> Success
# 963rd input image : original value = 3, decision = 3 at 12879035 ps ==> Success
# 964th input image : original value = 8, decision = 8 at 12892395 ps ==> Success
# 965th input image : original value = 0, decision = 0 at 12905755 ps ==> Success
# 966th input image : original value = 0, decision = 0 at 12919115 ps ==> Success
# 967th input image : original value = 3, decision = 3 at 12932475 ps ==> Success
# 968th input image : original value = 9, decision = 9 at 12945835 ps ==> Success
# 969th input image : original value = 1, decision = 1 at 12959195 ps ==> Success
# 970th input image : original value = 5, decision = 5 at 12972555 ps ==> Success
# 971st input image : original value = 6, decision = 6 at 12985915 ps ==> Success
# 972nd input image : original value = 5, decision = 5 at 12999275 ps ==> Success
# 973rd input image : original value = 6, decision = 6 at 13012635 ps ==> Success
# 974th input image : original value = 5, decision = 5 at 13025995 ps ==> Success
# 975th input image : original value = 6, decision = 6 at 13039355 ps ==> Success
# 976th input image : original value = 7, decision = 7 at 13052715 ps ==> Success
# 977th input image : original value = 9, decision = 9 at 13066075 ps ==> Success
# 978th input image : original value = 9, decision = 9 at 13079435 ps ==> Success
# 979th input image : original value = 4, decision = 4 at 13092795 ps ==> Success
# 980th input image : original value = 9, decision = 9 at 13106155 ps ==> Success
# 981st input image : original value = 6, decision = 6 at 13119515 ps ==> Success
# 982nd input image : original value = 2, decision = 2 at 13132875 ps ==> Success
# 983rd input image : original value = 5, decision = 8 at 13146235 ps ==> Fail
# 984th input image : original value = 9, decision = 9 at 13159595 ps ==> Success
# 985th input image : original value = 0, decision = 0 at 13172955 ps ==> Success
# 986th input image : original value = 3, decision = 3 at 13186315 ps ==> Success
# 987th input image : original value = 6, decision = 6 at 13199675 ps ==> Success
# 988th input image : original value = 2, decision = 2 at 13213035 ps ==> Success
# 989th input image : original value = 3, decision = 3 at 13226395 ps ==> Success
# 990th input image : original value = 2, decision = 2 at 13239755 ps ==> Success
# 991st input image : original value = 1, decision = 1 at 13253115 ps ==> Success
# 992nd input image : original value = 1, decision = 1 at 13266475 ps ==> Success
# 993rd input image : original value = 1, decision = 1 at 13279835 ps ==> Success
# 994th input image : original value = 2, decision = 2 at 13293195 ps ==> Success
# 995th input image : original value = 5, decision = 5 at 13306555 ps ==> Success
# 996th input image : original value = 9, decision = 9 at 13319915 ps ==> Success
# 997th input image : original value = 7, decision = 7 at 13333275 ps ==> Success
# 998th input image : original value = 7, decision = 7 at 13346635 ps ==> Success
# 999th input image : original value = 2, decision = 2 at 13359995 ps ==> Success
# 1000th input image : original value = 4, decision = 4 at 13373355 ps ==> Success
# 
# 
# ------ Final Accuracy for 1000 Input Image ------
# Accuracy :  97%
# ** Note: $stop    : ../verilog/top_tb_1000.v(220)
#    Time: 13381215 ps  Iteration: 1  Instance: /top_tb_1000